android/app/build/intermediates/manifest_merge_blame_file/release/manifest-merger-blame-release-report.txt
1<?xml version="1.0" encoding="utf-8"?>
2<manifest xmlns:android="http://schemas.android.com/apk/res/android"
3    package="com.localhappinez"
4    android:versionCode="1"
5    android:versionName="1.0" >
6
7    <uses-sdk
8        android:minSdkVersion="21"
8-->src/main/AndroidManifest.xml
9        android:targetSdkVersion="31" />
9-->src/main/AndroidManifest.xml
10
11    <uses-permission android:name="android.permission.INTERNET" />
11-->src/main/AndroidManifest.xml:4:5-67
11-->src/main/AndroidManifest.xml:4:22-64
12    <uses-permission android:name="android.permission.VIBRATE" />
12-->src/main/AndroidManifest.xml:6:5-66
12-->src/main/AndroidManifest.xml:6:22-63
13    <uses-permission android:name="android.permission.RECEIVE_BOOT_COMPLETED" />
13-->src/main/AndroidManifest.xml:7:5-80
13-->src/main/AndroidManifest.xml:7:22-78
14    <uses-permission android:name="android.permission.ACCESS_FINE_LOCATION" />
14-->src/main/AndroidManifest.xml:8:5-79
14-->src/main/AndroidManifest.xml:8:22-76
15    <uses-permission android:name="android.permission.ACCESS_COARSE_LOCATION" />
15-->src/main/AndroidManifest.xml:9:5-80
15-->src/main/AndroidManifest.xml:9:22-78
16    <uses-permission android:name="android.permission.ACCESS_NETWORK_STATE" />
16-->[com.google.firebase:firebase-messaging:23.1.0] AndroidManifest.xml:24:5-79
16-->[com.google.firebase:firebase-messaging:23.1.0] AndroidManifest.xml:24:22-76
17    <uses-permission android:name="android.permission.POST_NOTIFICATIONS" />
17-->[com.google.firebase:firebase-messaging:23.1.0] AndroidManifest.xml:25:5-77
17-->[com.google.firebase:firebase-messaging:23.1.0] AndroidManifest.xml:25:22-74
18    <uses-permission android:name="android.permission.WAKE_LOCK" /> <!-- Required by older versions of Google Play services to create IID tokens -->
18-->[com.google.firebase:firebase-messaging:23.1.0] AndroidManifest.xml:26:5-68
18-->[com.google.firebase:firebase-messaging:23.1.0] AndroidManifest.xml:26:22-65
19    <uses-permission android:name="com.google.android.c2dm.permission.RECEIVE" />
19-->[com.google.firebase:firebase-messaging:23.1.0] AndroidManifest.xml:28:5-82
19-->[com.google.firebase:firebase-messaging:23.1.0] AndroidManifest.xml:28:22-79
20    <uses-permission android:name="com.google.android.gms.permission.AD_ID" />
20-->[com.google.android.gms:play-services-measurement-api:21.2.0] AndroidManifest.xml:25:5-79
20-->[com.google.android.gms:play-services-measurement-api:21.2.0] AndroidManifest.xml:25:22-76
21
22    <uses-feature
22-->[com.google.android.gms:play-services-maps:18.0.2] AndroidManifest.xml:26:5-28:35
23        android:glEsVersion="0x00020000"
23-->[com.google.android.gms:play-services-maps:18.0.2] AndroidManifest.xml:27:9-41
24        android:required="true" />
24-->[com.google.android.gms:play-services-maps:18.0.2] AndroidManifest.xml:28:9-32
25
26    <queries>
26-->[com.google.android.gms:play-services-maps:18.0.2] AndroidManifest.xml:30:5-34:15
27
28        <!-- Needs to be explicitly declared on Android R+ -->
29        <package android:name="com.google.android.apps.maps" />
29-->[com.google.android.gms:play-services-maps:18.0.2] AndroidManifest.xml:33:9-64
29-->[com.google.android.gms:play-services-maps:18.0.2] AndroidManifest.xml:33:18-61
30    </queries>
31
32    <uses-permission android:name="android.permission.FOREGROUND_SERVICE" />
32-->[androidx.work:work-runtime:2.7.1] AndroidManifest.xml:28:5-77
32-->[androidx.work:work-runtime:2.7.1] AndroidManifest.xml:28:22-74
33    <uses-permission android:name="com.google.android.finsky.permission.BIND_GET_INSTALL_REFERRER_SERVICE" /> <!-- for android -->
33-->[com.google.android.gms:play-services-measurement:21.2.0] AndroidManifest.xml:26:5-110
33-->[com.google.android.gms:play-services-measurement:21.2.0] AndroidManifest.xml:26:22-107
34    <!-- <uses-permission android:name="com.android.launcher.permission.READ_SETTINGS"/> -->
35    <!-- <uses-permission android:name="com.android.launcher.permission.WRITE_SETTINGS"/> -->
36    <!-- <uses-permission android:name="com.android.launcher.permission.INSTALL_SHORTCUT" /> -->
37    <!-- <uses-permission android:name="com.android.launcher.permission.UNINSTALL_SHORTCUT" /> -->
38    <!-- for Samsung -->
39    <uses-permission android:name="com.sec.android.provider.badge.permission.READ" />
39-->[me.leolin:ShortcutBadger:1.1.22] AndroidManifest.xml:19:5-86
39-->[me.leolin:ShortcutBadger:1.1.22] AndroidManifest.xml:19:22-83
40    <uses-permission android:name="com.sec.android.provider.badge.permission.WRITE" /> <!-- for htc -->
40-->[me.leolin:ShortcutBadger:1.1.22] AndroidManifest.xml:20:5-87
40-->[me.leolin:ShortcutBadger:1.1.22] AndroidManifest.xml:20:22-84
41    <uses-permission android:name="com.htc.launcher.permission.READ_SETTINGS" />
41-->[me.leolin:ShortcutBadger:1.1.22] AndroidManifest.xml:23:5-81
41-->[me.leolin:ShortcutBadger:1.1.22] AndroidManifest.xml:23:22-78
42    <uses-permission android:name="com.htc.launcher.permission.UPDATE_SHORTCUT" /> <!-- for sony -->
42-->[me.leolin:ShortcutBadger:1.1.22] AndroidManifest.xml:24:5-83
42-->[me.leolin:ShortcutBadger:1.1.22] AndroidManifest.xml:24:22-80
43    <uses-permission android:name="com.sonyericsson.home.permission.BROADCAST_BADGE" />
43-->[me.leolin:ShortcutBadger:1.1.22] AndroidManifest.xml:27:5-88
43-->[me.leolin:ShortcutBadger:1.1.22] AndroidManifest.xml:27:22-85
44    <uses-permission android:name="com.sonymobile.home.permission.PROVIDER_INSERT_BADGE" /> <!-- for apex -->
44-->[me.leolin:ShortcutBadger:1.1.22] AndroidManifest.xml:28:5-92
44-->[me.leolin:ShortcutBadger:1.1.22] AndroidManifest.xml:28:22-89
45    <uses-permission android:name="com.anddoes.launcher.permission.UPDATE_COUNT" /> <!-- for solid -->
45-->[me.leolin:ShortcutBadger:1.1.22] AndroidManifest.xml:31:5-84
45-->[me.leolin:ShortcutBadger:1.1.22] AndroidManifest.xml:31:22-81
46    <uses-permission android:name="com.majeur.launcher.permission.UPDATE_BADGE" /> <!-- for huawei -->
46-->[me.leolin:ShortcutBadger:1.1.22] AndroidManifest.xml:34:5-83
46-->[me.leolin:ShortcutBadger:1.1.22] AndroidManifest.xml:34:22-80
47    <uses-permission android:name="com.huawei.android.launcher.permission.CHANGE_BADGE" />
47-->[me.leolin:ShortcutBadger:1.1.22] AndroidManifest.xml:37:5-91
47-->[me.leolin:ShortcutBadger:1.1.22] AndroidManifest.xml:37:22-88
48    <uses-permission android:name="com.huawei.android.launcher.permission.READ_SETTINGS" />
48-->[me.leolin:ShortcutBadger:1.1.22] AndroidManifest.xml:38:5-92
48-->[me.leolin:ShortcutBadger:1.1.22] AndroidManifest.xml:38:22-89
49    <uses-permission android:name="com.huawei.android.launcher.permission.WRITE_SETTINGS" /> <!-- for ZUK -->
49-->[me.leolin:ShortcutBadger:1.1.22] AndroidManifest.xml:39:5-93
49-->[me.leolin:ShortcutBadger:1.1.22] AndroidManifest.xml:39:22-90
50    <uses-permission android:name="android.permission.READ_APP_BADGE" /> <!-- for OPPO -->
50-->[me.leolin:ShortcutBadger:1.1.22] AndroidManifest.xml:42:5-73
50-->[me.leolin:ShortcutBadger:1.1.22] AndroidManifest.xml:42:22-70
51    <uses-permission android:name="com.oppo.launcher.permission.READ_SETTINGS" />
51-->[me.leolin:ShortcutBadger:1.1.22] AndroidManifest.xml:45:5-82
51-->[me.leolin:ShortcutBadger:1.1.22] AndroidManifest.xml:45:22-79
52    <uses-permission android:name="com.oppo.launcher.permission.WRITE_SETTINGS" /> <!-- for EvMe -->
52-->[me.leolin:ShortcutBadger:1.1.22] AndroidManifest.xml:46:5-83
52-->[me.leolin:ShortcutBadger:1.1.22] AndroidManifest.xml:46:22-80
53    <uses-permission android:name="me.everything.badger.permission.BADGE_COUNT_READ" />
53-->[me.leolin:ShortcutBadger:1.1.22] AndroidManifest.xml:49:5-88
53-->[me.leolin:ShortcutBadger:1.1.22] AndroidManifest.xml:49:22-85
54    <uses-permission android:name="me.everything.badger.permission.BADGE_COUNT_WRITE" />
54-->[me.leolin:ShortcutBadger:1.1.22] AndroidManifest.xml:50:5-89
54-->[me.leolin:ShortcutBadger:1.1.22] AndroidManifest.xml:50:22-86
55
56    <application
56-->src/main/AndroidManifest.xml:12:5-66:19
57        android:name="com.localhappinez.MainApplication"
57-->src/main/AndroidManifest.xml:13:7-38
58        android:allowBackup="false"
58-->src/main/AndroidManifest.xml:17:7-34
59        android:appComponentFactory="androidx.core.app.CoreComponentFactory"
59-->[androidx.core:core:1.7.0] AndroidManifest.xml:24:18-86
60        android:icon="@mipmap/ic_launcher"
60-->src/main/AndroidManifest.xml:15:7-41
61        android:label="@string/app_name"
61-->src/main/AndroidManifest.xml:14:7-39
62        android:roundIcon="@mipmap/ic_launcher_adaptive_fore"
62-->src/main/AndroidManifest.xml:16:7-60
63        android:theme="@style/AppTheme"
63-->src/main/AndroidManifest.xml:18:7-38
64        android:usesCleartextTraffic="true" >
64-->src/main/AndroidManifest.xml:19:7-42
65        <activity
65-->src/main/AndroidManifest.xml:22:7-33:18
66            android:name="com.localhappinez.MainActivity"
66-->src/main/AndroidManifest.xml:23:9-37
67            android:configChanges="keyboard|keyboardHidden|orientation|screenLayout|screenSize|smallestScreenSize|uiMode"
67-->src/main/AndroidManifest.xml:25:9-118
68            android:exported="true"
68-->src/main/AndroidManifest.xml:28:9-32
69            android:label="@string/app_name"
69-->src/main/AndroidManifest.xml:24:9-41
70            android:launchMode="singleTask"
70-->src/main/AndroidManifest.xml:26:9-40
71            android:windowSoftInputMode="adjustResize" >
71-->src/main/AndroidManifest.xml:27:9-51
72            <intent-filter>
72-->src/main/AndroidManifest.xml:29:9-32:25
73                <action android:name="android.intent.action.MAIN" />
73-->src/main/AndroidManifest.xml:30:13-65
73-->src/main/AndroidManifest.xml:30:21-62
74
75                <category android:name="android.intent.category.LAUNCHER" />
75-->src/main/AndroidManifest.xml:31:13-73
75-->src/main/AndroidManifest.xml:31:23-70
76            </intent-filter>
77        </activity>
78        <!-- PUSH NOTIFICATION CONFIGS STARTS -->
79        <meta-data
79-->src/main/AndroidManifest.xml:35:7-36:44
80            android:name="com.dieam.reactnativepushnotification.notification_foreground"
80-->src/main/AndroidManifest.xml:35:19-95
81            android:value="false" />
81-->src/main/AndroidManifest.xml:36:21-42
82        <!-- Change the resource name to your App's accent color - or any other color you want -->
83        <meta-data
83-->src/main/AndroidManifest.xml:38:7-39:54
84            android:name="com.dieam.reactnativepushnotification.notification_color"
84-->src/main/AndroidManifest.xml:38:19-90
85            android:resource="@color/white" /> <!-- or @android:color/{name} to use a standard color -->
85-->src/main/AndroidManifest.xml:39:21-52
86        <!-- MAPS -->
87        <meta-data
87-->src/main/AndroidManifest.xml:41:7-43:66
88            android:name="com.google.android.geo.API_KEY"
88-->src/main/AndroidManifest.xml:42:9-54
89            android:value="AIzaSyCBRIKQu3tgtuEIhUAkIRy1N8pHu_wFYBk" />
89-->src/main/AndroidManifest.xml:43:9-64
90
91        <receiver
91-->src/main/AndroidManifest.xml:45:9-133
92            android:name="com.dieam.reactnativepushnotification.modules.RNPushNotificationActions"
92-->src/main/AndroidManifest.xml:45:44-130
93            android:exported="false" />
93-->src/main/AndroidManifest.xml:45:19-43
94        <receiver
94-->src/main/AndroidManifest.xml:46:9-135
95            android:name="com.dieam.reactnativepushnotification.modules.RNPushNotificationPublisher"
95-->src/main/AndroidManifest.xml:46:44-132
96            android:exported="false" />
96-->src/main/AndroidManifest.xml:46:19-43
97        <receiver
97-->src/main/AndroidManifest.xml:47:9-53:20
98            android:name="com.dieam.reactnativepushnotification.modules.RNPushNotificationBootEventReceiver"
98-->src/main/AndroidManifest.xml:47:44-140
99            android:exported="false" >
99-->src/main/AndroidManifest.xml:47:19-43
100            <intent-filter>
100-->src/main/AndroidManifest.xml:48:11-52:27
101                <action android:name="android.intent.action.BOOT_COMPLETED" />
101-->src/main/AndroidManifest.xml:49:13-75
101-->src/main/AndroidManifest.xml:49:21-72
102                <action android:name="android.intent.action.QUICKBOOT_POWERON" />
102-->src/main/AndroidManifest.xml:50:13-78
102-->src/main/AndroidManifest.xml:50:21-75
103                <action android:name="com.htc.intent.action.QUICKBOOT_POWERON" />
103-->src/main/AndroidManifest.xml:51:13-77
103-->src/main/AndroidManifest.xml:51:21-75
104            </intent-filter>
105        </receiver>
106
107        <service
107-->src/main/AndroidManifest.xml:54:9-60:19
108            android:name="com.dieam.reactnativepushnotification.modules.RNPushNotificationListenerService"
108-->src/main/AndroidManifest.xml:55:13-107
109            android:exported="false" >
109-->src/main/AndroidManifest.xml:56:13-37
110            <intent-filter>
110-->src/main/AndroidManifest.xml:57:13-59:29
111                <action android:name="com.google.firebase.MESSAGING_EVENT" />
111-->src/main/AndroidManifest.xml:58:17-78
111-->src/main/AndroidManifest.xml:58:25-75
112            </intent-filter>
113        </service>
114
115        <!-- PUSH NOTIFICATION CONFIGS ENDS -->
116
117        <receiver
117-->[com.google.firebase:firebase-messaging:23.1.0] AndroidManifest.xml:31:9-38:20
118            android:name="com.google.firebase.iid.FirebaseInstanceIdReceiver"
118-->[com.google.firebase:firebase-messaging:23.1.0] AndroidManifest.xml:32:13-78
119            android:exported="true"
119-->[com.google.firebase:firebase-messaging:23.1.0] AndroidManifest.xml:33:13-36
120            android:permission="com.google.android.c2dm.permission.SEND" >
120-->[com.google.firebase:firebase-messaging:23.1.0] AndroidManifest.xml:34:13-73
121            <intent-filter>
121-->[com.google.firebase:firebase-messaging:23.1.0] AndroidManifest.xml:35:13-37:29
122                <action android:name="com.google.android.c2dm.intent.RECEIVE" />
122-->[com.google.firebase:firebase-messaging:23.1.0] AndroidManifest.xml:36:17-81
122-->[com.google.firebase:firebase-messaging:23.1.0] AndroidManifest.xml:36:25-78
123            </intent-filter>
124        </receiver>
125        <!--
126             FirebaseMessagingService performs security checks at runtime,
127             but set to not exported to explicitly avoid allowing another app to call it.
128        -->
129        <service
129-->[com.google.firebase:firebase-messaging:23.1.0] AndroidManifest.xml:44:9-51:19
130            android:name="com.google.firebase.messaging.FirebaseMessagingService"
130-->[com.google.firebase:firebase-messaging:23.1.0] AndroidManifest.xml:45:13-82
131            android:directBootAware="true"
131-->[com.google.firebase:firebase-messaging:23.1.0] AndroidManifest.xml:46:13-43
132            android:exported="false" >
132-->[com.google.firebase:firebase-messaging:23.1.0] AndroidManifest.xml:47:13-37
133            <intent-filter android:priority="-500" >
133-->src/main/AndroidManifest.xml:57:13-59:29
134                <action android:name="com.google.firebase.MESSAGING_EVENT" />
134-->src/main/AndroidManifest.xml:58:17-78
134-->src/main/AndroidManifest.xml:58:25-75
135            </intent-filter>
136        </service>
137        <service
137-->[com.google.firebase:firebase-messaging:23.1.0] AndroidManifest.xml:52:9-58:19
138            android:name="com.google.firebase.components.ComponentDiscoveryService"
138-->[com.google.firebase:firebase-messaging:23.1.0] AndroidManifest.xml:53:13-84
139            android:directBootAware="true"
139-->[com.google.firebase:firebase-common:20.2.0] AndroidManifest.xml:34:13-43
140            android:exported="false" >
140-->[com.google.firebase:firebase-messaging:23.1.0] AndroidManifest.xml:54:13-37
141            <meta-data
141-->[com.google.firebase:firebase-messaging:23.1.0] AndroidManifest.xml:55:13-57:85
142                android:name="com.google.firebase.components:com.google.firebase.messaging.FirebaseMessagingRegistrar"
142-->[com.google.firebase:firebase-messaging:23.1.0] AndroidManifest.xml:56:17-119
143                android:value="com.google.firebase.components.ComponentRegistrar" />
143-->[com.google.firebase:firebase-messaging:23.1.0] AndroidManifest.xml:57:17-82
144            <meta-data
144-->[com.google.firebase:firebase-datatransport:18.1.7] AndroidManifest.xml:27:13-29:85
145                android:name="com.google.firebase.components:com.google.firebase.datatransport.TransportRegistrar"
145-->[com.google.firebase:firebase-datatransport:18.1.7] AndroidManifest.xml:28:17-115
146                android:value="com.google.firebase.components.ComponentRegistrar" />
146-->[com.google.firebase:firebase-datatransport:18.1.7] AndroidManifest.xml:29:17-82
147            <meta-data
147-->[com.google.android.gms:play-services-measurement-api:21.2.0] AndroidManifest.xml:31:13-33:85
148                android:name="com.google.firebase.components:com.google.firebase.analytics.connector.internal.AnalyticsConnectorRegistrar"
148-->[com.google.android.gms:play-services-measurement-api:21.2.0] AndroidManifest.xml:32:17-139
149                android:value="com.google.firebase.components.ComponentRegistrar" />
149-->[com.google.android.gms:play-services-measurement-api:21.2.0] AndroidManifest.xml:33:17-82
150            <meta-data
150-->[com.google.firebase:firebase-installations:17.1.0] AndroidManifest.xml:17:13-19:85
151                android:name="com.google.firebase.components:com.google.firebase.installations.FirebaseInstallationsRegistrar"
151-->[com.google.firebase:firebase-installations:17.1.0] AndroidManifest.xml:18:17-127
152                android:value="com.google.firebase.components.ComponentRegistrar" />
152-->[com.google.firebase:firebase-installations:17.1.0] AndroidManifest.xml:19:17-82
153        </service>
154        <service
154-->[com.google.android.datatransport:transport-backend-cct:3.1.8] AndroidManifest.xml:28:9-34:19
155            android:name="com.google.android.datatransport.runtime.backends.TransportBackendDiscovery"
155-->[com.google.android.datatransport:transport-backend-cct:3.1.8] AndroidManifest.xml:29:13-103
156            android:exported="false" >
156-->[com.google.android.datatransport:transport-backend-cct:3.1.8] AndroidManifest.xml:30:13-37
157            <meta-data
157-->[com.google.android.datatransport:transport-backend-cct:3.1.8] AndroidManifest.xml:31:13-33:39
158                android:name="backend:com.google.android.datatransport.cct.CctBackendFactory"
158-->[com.google.android.datatransport:transport-backend-cct:3.1.8] AndroidManifest.xml:32:17-94
159                android:value="cct" />
159-->[com.google.android.datatransport:transport-backend-cct:3.1.8] AndroidManifest.xml:33:17-36
160        </service>
161        <service
161-->[com.google.android.datatransport:transport-runtime:3.1.8] AndroidManifest.xml:26:9-30:19
162            android:name="com.google.android.datatransport.runtime.scheduling.jobscheduling.JobInfoSchedulerService"
162-->[com.google.android.datatransport:transport-runtime:3.1.8] AndroidManifest.xml:27:13-117
163            android:exported="false"
163-->[com.google.android.datatransport:transport-runtime:3.1.8] AndroidManifest.xml:28:13-37
164            android:permission="android.permission.BIND_JOB_SERVICE" >
164-->[com.google.android.datatransport:transport-runtime:3.1.8] AndroidManifest.xml:29:13-69
165        </service>
166
167        <receiver
167-->[com.google.android.datatransport:transport-runtime:3.1.8] AndroidManifest.xml:32:9-34:40
168            android:name="com.google.android.datatransport.runtime.scheduling.jobscheduling.AlarmManagerSchedulerBroadcastReceiver"
168-->[com.google.android.datatransport:transport-runtime:3.1.8] AndroidManifest.xml:33:13-132
169            android:exported="false" />
169-->[com.google.android.datatransport:transport-runtime:3.1.8] AndroidManifest.xml:34:13-37
170
171        <provider
171-->[com.google.firebase:firebase-common:20.2.0] AndroidManifest.xml:25:9-30:39
172            android:name="com.google.firebase.provider.FirebaseInitProvider"
172-->[com.google.firebase:firebase-common:20.2.0] AndroidManifest.xml:26:13-77
173            android:authorities="com.localhappinez.firebaseinitprovider"
173-->[com.google.firebase:firebase-common:20.2.0] AndroidManifest.xml:27:13-72
174            android:directBootAware="true"
174-->[com.google.firebase:firebase-common:20.2.0] AndroidManifest.xml:28:13-43
175            android:exported="false"
175-->[com.google.firebase:firebase-common:20.2.0] AndroidManifest.xml:29:13-37
176            android:initOrder="100" /> <!-- Needs to be explicitly declared on P+ -->
176-->[com.google.firebase:firebase-common:20.2.0] AndroidManifest.xml:30:13-36
177        <uses-library
177-->[com.google.android.gms:play-services-maps:18.0.2] AndroidManifest.xml:39:9-41:40
178            android:name="org.apache.http.legacy"
178-->[com.google.android.gms:play-services-maps:18.0.2] AndroidManifest.xml:40:13-50
179            android:required="false" />
179-->[com.google.android.gms:play-services-maps:18.0.2] AndroidManifest.xml:41:13-37
180
181        <activity
181-->[com.google.android.gms:play-services-base:18.1.0] AndroidManifest.xml:20:9-22:45
182            android:name="com.google.android.gms.common.api.GoogleApiActivity"
182-->[com.google.android.gms:play-services-base:18.1.0] AndroidManifest.xml:20:19-85
183            android:exported="false"
183-->[com.google.android.gms:play-services-base:18.1.0] AndroidManifest.xml:22:19-43
184            android:theme="@android:style/Theme.Translucent.NoTitleBar" />
184-->[com.google.android.gms:play-services-base:18.1.0] AndroidManifest.xml:21:19-78
185
186        <provider
186-->[androidx.work:work-runtime:2.7.1] AndroidManifest.xml:31:9-39:20
187            android:name="androidx.startup.InitializationProvider"
187-->[androidx.work:work-runtime:2.7.1] AndroidManifest.xml:32:13-67
188            android:authorities="com.localhappinez.androidx-startup"
188-->[androidx.work:work-runtime:2.7.1] AndroidManifest.xml:33:13-68
189            android:exported="false" >
189-->[androidx.work:work-runtime:2.7.1] AndroidManifest.xml:34:13-37
190            <meta-data
190-->[androidx.work:work-runtime:2.7.1] AndroidManifest.xml:36:13-38:52
191                android:name="androidx.work.WorkManagerInitializer"
191-->[androidx.work:work-runtime:2.7.1] AndroidManifest.xml:37:17-68
192                android:value="androidx.startup" />
192-->[androidx.work:work-runtime:2.7.1] AndroidManifest.xml:38:17-49
193            <meta-data
193-->[androidx.emoji2:emoji2:1.0.0] AndroidManifest.xml:31:13-33:52
194                android:name="androidx.emoji2.text.EmojiCompatInitializer"
194-->[androidx.emoji2:emoji2:1.0.0] AndroidManifest.xml:32:17-75
195                android:value="androidx.startup" />
195-->[androidx.emoji2:emoji2:1.0.0] AndroidManifest.xml:33:17-49
196            <meta-data
196-->[androidx.lifecycle:lifecycle-process:2.4.0] AndroidManifest.xml:31:13-33:52
197                android:name="androidx.lifecycle.ProcessLifecycleInitializer"
197-->[androidx.lifecycle:lifecycle-process:2.4.0] AndroidManifest.xml:32:17-78
198                android:value="androidx.startup" />
198-->[androidx.lifecycle:lifecycle-process:2.4.0] AndroidManifest.xml:33:17-49
199        </provider>
200
201        <service
201-->[androidx.work:work-runtime:2.7.1] AndroidManifest.xml:41:9-46:35
202            android:name="androidx.work.impl.background.systemalarm.SystemAlarmService"
202-->[androidx.work:work-runtime:2.7.1] AndroidManifest.xml:42:13-88
203            android:directBootAware="false"
203-->[androidx.work:work-runtime:2.7.1] AndroidManifest.xml:43:13-44
204            android:enabled="@bool/enable_system_alarm_service_default"
204-->[androidx.work:work-runtime:2.7.1] AndroidManifest.xml:44:13-72
205            android:exported="false" />
205-->[androidx.work:work-runtime:2.7.1] AndroidManifest.xml:45:13-37
206        <service
206-->[androidx.work:work-runtime:2.7.1] AndroidManifest.xml:47:9-53:35
207            android:name="androidx.work.impl.background.systemjob.SystemJobService"
207-->[androidx.work:work-runtime:2.7.1] AndroidManifest.xml:48:13-84
208            android:directBootAware="false"
208-->[androidx.work:work-runtime:2.7.1] AndroidManifest.xml:49:13-44
209            android:enabled="@bool/enable_system_job_service_default"
209-->[androidx.work:work-runtime:2.7.1] AndroidManifest.xml:50:13-70
210            android:exported="true"
210-->[androidx.work:work-runtime:2.7.1] AndroidManifest.xml:51:13-36
211            android:permission="android.permission.BIND_JOB_SERVICE" />
211-->[androidx.work:work-runtime:2.7.1] AndroidManifest.xml:52:13-69
212        <service
212-->[androidx.work:work-runtime:2.7.1] AndroidManifest.xml:54:9-59:35
213            android:name="androidx.work.impl.foreground.SystemForegroundService"
213-->[androidx.work:work-runtime:2.7.1] AndroidManifest.xml:55:13-81
214            android:directBootAware="false"
214-->[androidx.work:work-runtime:2.7.1] AndroidManifest.xml:56:13-44
215            android:enabled="@bool/enable_system_foreground_service_default"
215-->[androidx.work:work-runtime:2.7.1] AndroidManifest.xml:57:13-77
216            android:exported="false" />
216-->[androidx.work:work-runtime:2.7.1] AndroidManifest.xml:58:13-37
217
218        <receiver
218-->[androidx.work:work-runtime:2.7.1] AndroidManifest.xml:61:9-66:35
219            android:name="androidx.work.impl.utils.ForceStopRunnable$BroadcastReceiver"
219-->[androidx.work:work-runtime:2.7.1] AndroidManifest.xml:62:13-88
220            android:directBootAware="false"
220-->[androidx.work:work-runtime:2.7.1] AndroidManifest.xml:63:13-44
221            android:enabled="true"
221-->[androidx.work:work-runtime:2.7.1] AndroidManifest.xml:64:13-35
222            android:exported="false" />
222-->[androidx.work:work-runtime:2.7.1] AndroidManifest.xml:65:13-37
223        <receiver
223-->[androidx.work:work-runtime:2.7.1] AndroidManifest.xml:67:9-77:20
224            android:name="androidx.work.impl.background.systemalarm.ConstraintProxy$BatteryChargingProxy"
224-->[androidx.work:work-runtime:2.7.1] AndroidManifest.xml:68:13-106
225            android:directBootAware="false"
225-->[androidx.work:work-runtime:2.7.1] AndroidManifest.xml:69:13-44
226            android:enabled="false"
226-->[androidx.work:work-runtime:2.7.1] AndroidManifest.xml:70:13-36
227            android:exported="false" >
227-->[androidx.work:work-runtime:2.7.1] AndroidManifest.xml:71:13-37
228            <intent-filter>
228-->[androidx.work:work-runtime:2.7.1] AndroidManifest.xml:73:13-76:29
229                <action android:name="android.intent.action.ACTION_POWER_CONNECTED" />
229-->[androidx.work:work-runtime:2.7.1] AndroidManifest.xml:74:17-87
229-->[androidx.work:work-runtime:2.7.1] AndroidManifest.xml:74:25-84
230                <action android:name="android.intent.action.ACTION_POWER_DISCONNECTED" />
230-->[androidx.work:work-runtime:2.7.1] AndroidManifest.xml:75:17-90
230-->[androidx.work:work-runtime:2.7.1] AndroidManifest.xml:75:25-87
231            </intent-filter>
232        </receiver>
233        <receiver
233-->[androidx.work:work-runtime:2.7.1] AndroidManifest.xml:78:9-88:20
234            android:name="androidx.work.impl.background.systemalarm.ConstraintProxy$BatteryNotLowProxy"
234-->[androidx.work:work-runtime:2.7.1] AndroidManifest.xml:79:13-104
235            android:directBootAware="false"
235-->[androidx.work:work-runtime:2.7.1] AndroidManifest.xml:80:13-44
236            android:enabled="false"
236-->[androidx.work:work-runtime:2.7.1] AndroidManifest.xml:81:13-36
237            android:exported="false" >
237-->[androidx.work:work-runtime:2.7.1] AndroidManifest.xml:82:13-37
238            <intent-filter>
238-->[androidx.work:work-runtime:2.7.1] AndroidManifest.xml:84:13-87:29
239                <action android:name="android.intent.action.BATTERY_OKAY" />
239-->[androidx.work:work-runtime:2.7.1] AndroidManifest.xml:85:17-77
239-->[androidx.work:work-runtime:2.7.1] AndroidManifest.xml:85:25-74
240                <action android:name="android.intent.action.BATTERY_LOW" />
240-->[androidx.work:work-runtime:2.7.1] AndroidManifest.xml:86:17-76
240-->[androidx.work:work-runtime:2.7.1] AndroidManifest.xml:86:25-73
241            </intent-filter>
242        </receiver>
243        <receiver
243-->[androidx.work:work-runtime:2.7.1] AndroidManifest.xml:89:9-99:20
244            android:name="androidx.work.impl.background.systemalarm.ConstraintProxy$StorageNotLowProxy"
244-->[androidx.work:work-runtime:2.7.1] AndroidManifest.xml:90:13-104
245            android:directBootAware="false"
245-->[androidx.work:work-runtime:2.7.1] AndroidManifest.xml:91:13-44
246            android:enabled="false"
246-->[androidx.work:work-runtime:2.7.1] AndroidManifest.xml:92:13-36
247            android:exported="false" >
247-->[androidx.work:work-runtime:2.7.1] AndroidManifest.xml:93:13-37
248            <intent-filter>
248-->[androidx.work:work-runtime:2.7.1] AndroidManifest.xml:95:13-98:29
249                <action android:name="android.intent.action.DEVICE_STORAGE_LOW" />
249-->[androidx.work:work-runtime:2.7.1] AndroidManifest.xml:96:17-83
249-->[androidx.work:work-runtime:2.7.1] AndroidManifest.xml:96:25-80
250                <action android:name="android.intent.action.DEVICE_STORAGE_OK" />
250-->[androidx.work:work-runtime:2.7.1] AndroidManifest.xml:97:17-82
250-->[androidx.work:work-runtime:2.7.1] AndroidManifest.xml:97:25-79
251            </intent-filter>
252        </receiver>
253        <receiver
253-->[androidx.work:work-runtime:2.7.1] AndroidManifest.xml:100:9-109:20
254            android:name="androidx.work.impl.background.systemalarm.ConstraintProxy$NetworkStateProxy"
254-->[androidx.work:work-runtime:2.7.1] AndroidManifest.xml:101:13-103
255            android:directBootAware="false"